<?xml version="1.0" encoding="UTF-8"?>
<!-- Generated by org.testng.reporters.JUnitReportReporter -->
<testsuite hostname="BINTERNS-QA20L" failures="0" tests="2" name="test_group.tgroup1" time="0.009" errors="0" timestamp="2023-03-09T15:40:45 IST" skipped="0">
  <testcase classname="test_group.tgroup1" name="loginbyemail" time="0.007"/>
  <system-out/>
  <testcase classname="test_group.tgroup1" name="loginbyfacebook" time="0.002"/>
  <system-out/>
</testsuite> <!-- test_group.tgroup1 -->
