<?xml version="1.0" encoding="UTF-8"?>
<!-- Generated by org.testng.reporters.JUnitReportReporter -->
<testsuite hostname="BINTERNS-QA20L" failures="0" tests="1" name="annotation_demo.class22" time="0.001" errors="0" timestamp="2023-03-07T16:16:12 IST" skipped="0">
  <testcase classname="annotation_demo.class22" name="xyz" time="0.001"/>
  <system-out/>
</testsuite> <!-- annotation_demo.class22 -->
