<?xml version="1.0" encoding="UTF-8"?>
<!-- Generated by org.testng.reporters.JUnitReportReporter -->
<testsuite hostname="BINTERNS-QA20L" failures="0" tests="1" name="annotation_demo.class11" time="0.006" errors="0" timestamp="2023-03-07T16:16:12 IST" skipped="0">
  <testcase classname="annotation_demo.class11" name="abc" time="0.006"/>
  <system-out/>
</testsuite> <!-- annotation_demo.class11 -->
