<?xml version="1.0" encoding="UTF-8"?>
<!-- Generated by org.testng.reporters.JUnitReportReporter -->
<testsuite hostname="BINTERNS-QA20L" failures="0" tests="2" name="test_group.demosite" time="0.007" errors="0" timestamp="2023-03-06T18:21:22 IST" skipped="1">
  <testcase classname="test_group.demosite" name="testcase2" time="0.007"/>
  <system-out/>
  <testcase classname="test_group.demosite" name="testcase1">
    <skipped/>
  </testcase> <!-- testcase1 -->
  <system-out/>
</testsuite> <!-- test_group.demosite -->
