<?xml version="1.0" encoding="UTF-8"?>
<!-- Generated by org.testng.reporters.JUnitReportReporter -->
<testsuite hostname="BINTERNS-QA20L" failures="0" tests="2" name="test3.test5" time="0.007" errors="0" timestamp="2023-03-06T12:02:02 IST" skipped="0">
  <testcase classname="test3.test5" name="g" time="0.005"/>
  <system-out/>
  <testcase classname="test3.test5" name="h" time="0.002"/>
  <system-out/>
</testsuite> <!-- test3.test5 -->
