<?xml version="1.0" encoding="UTF-8"?>
<!-- Generated by org.testng.reporters.JUnitReportReporter -->
<testsuite hostname="BINTERNS-QA20L" failures="0" tests="5" name="test3.NewTest" time="0.008" errors="0" timestamp="2023-03-06T18:44:33 IST" skipped="0">
  <testcase classname="test3.NewTest" name="openapp" time="0.007"/>
  <system-out/>
  <testcase classname="test3.NewTest" name="login" time="0.001"/>
  <system-out/>
  <testcase classname="test3.NewTest" name="search" time="0.000"/>
  <system-out/>
  <testcase classname="test3.NewTest" name="logout" time="0.000"/>
  <system-out/>
  <testcase classname="test3.NewTest" name="advsearch" time="0.000"/>
  <system-out/>
</testsuite> <!-- test3.NewTest -->
