<?xml version="1.0" encoding="UTF-8"?>
<!-- Generated by org.testng.reporters.JUnitReportReporter -->
<testsuite hostname="BINTERNS-QA20L" failures="0" tests="10" name="Testng.InvoCount" time="0.015" errors="0" timestamp="2023-03-07T10:21:44 IST" skipped="0">
  <testcase classname="Testng.InvoCount" name="f" time="0.001"/>
  <system-out/>
  <testcase classname="Testng.InvoCount" name="f" time="0.001"/>
  <system-out/>
  <testcase classname="Testng.InvoCount" name="f" time="0.008"/>
  <system-out/>
  <testcase classname="Testng.InvoCount" name="f" time="0.001"/>
  <system-out/>
  <testcase classname="Testng.InvoCount" name="f" time="0.000"/>
  <system-out/>
  <testcase classname="Testng.InvoCount" name="f" time="0.000"/>
  <system-out/>
  <testcase classname="Testng.InvoCount" name="f" time="0.002"/>
  <system-out/>
  <testcase classname="Testng.InvoCount" name="f" time="0.000"/>
  <system-out/>
  <testcase classname="Testng.InvoCount" name="f" time="0.001"/>
  <system-out/>
  <testcase classname="Testng.InvoCount" name="f" time="0.001"/>
  <system-out/>
</testsuite> <!-- Testng.InvoCount -->
