<?xml version="1.0" encoding="UTF-8"?>
<!-- Generated by org.testng.reporters.JUnitReportReporter -->
<testsuite hostname="BINTERNS-QA20L" failures="0" tests="2" name="test1" time="0.013" errors="0" timestamp="2023-03-06T10:37:43 IST" skipped="0">
  <testcase classname="test1" name="search" time="0.012"/>
  <system-out/>
  <testcase classname="test1" name="advancesearch" time="0.001"/>
  <system-out/>
</testsuite> <!-- test1 -->
