<?xml version="1.0" encoding="UTF-8"?>
<!-- Generated by org.testng.reporters.JUnitReportReporter -->
<testsuite hostname="BINTERNS-QA20L" failures="0" tests="3" name="test3.parallel" time="1.280" errors="0" timestamp="2023-03-07T19:09:43 IST" skipped="0">
  <testcase classname="test3.parallel" name="Maximize" time="1.018"/>
  <system-out/>
  <testcase classname="test3.parallel" name="Maximize" time="0.134"/>
  <system-out/>
  <testcase classname="test3.parallel" name="Maximize" time="0.128"/>
  <system-out/>
</testsuite> <!-- test3.parallel -->
