<?xml version="1.0" encoding="UTF-8"?>
<!-- Generated by org.testng.reporters.JUnitReportReporter -->
<testsuite hostname="BINTERNS-QA20L" failures="0" tests="1" name="testScriptAnnotation.NewTest" time="0.001" errors="0" timestamp="2023-03-07T16:24:19 IST" skipped="0">
  <testcase classname="testScriptAnnotation.NewTest" name="a" time="0.001"/>
  <system-out/>
</testsuite> <!-- testScriptAnnotation.NewTest -->
