<?xml version="1.0" encoding="UTF-8"?>
<!-- Generated by org.testng.reporters.JUnitReportReporter -->
<testsuite hostname="BINTERNS-QA20L" failures="0" tests="2" name="Test2" time="0.003" errors="0" timestamp="2023-03-07T16:24:19 IST" skipped="0">
  <testcase classname="Test2" name="search" time="0.002"/>
  <system-out/>
  <testcase classname="Test2" name="advancesearch" time="0.001"/>
  <system-out/>
</testsuite> <!-- Test2 -->
